2025-11-22 15:41:25 INFO  com.nnk.springboot.Application - Starting Application using Java 17.0.16 with PID 8636 (C:\document\Java Openclassrooms\Projet 7\Poseiden-skeleton\target\classes started by leopo in C:\document\Java Openclassrooms\Projet 7\Poseiden-skeleton)
2025-11-22 15:41:25 INFO  com.nnk.springboot.Application - No active profile set, falling back to 1 default profile: "default"
2025-11-22 15:41:25 INFO  org.springframework.boot.devtools.env.DevToolsPropertyDefaultsPostProcessor - Devtools property defaults active! Set 'spring.devtools.add-properties' to 'false' to disable
2025-11-22 15:41:25 INFO  org.springframework.boot.devtools.env.DevToolsPropertyDefaultsPostProcessor - For additional web related logging consider setting the 'logging.level.web' property to 'DEBUG'
2025-11-22 15:43:40 INFO  com.nnk.springboot.Application - Starting Application using Java 17.0.16 with PID 42544 (C:\document\Java Openclassrooms\Projet 7\Poseiden-skeleton\target\classes started by leopo in C:\document\Java Openclassrooms\Projet 7\Poseiden-skeleton)
2025-11-22 15:43:40 INFO  com.nnk.springboot.Application - No active profile set, falling back to 1 default profile: "default"
2025-11-22 15:43:40 INFO  org.springframework.boot.devtools.env.DevToolsPropertyDefaultsPostProcessor - Devtools property defaults active! Set 'spring.devtools.add-properties' to 'false' to disable
2025-11-22 15:43:40 INFO  org.springframework.boot.devtools.env.DevToolsPropertyDefaultsPostProcessor - For additional web related logging consider setting the 'logging.level.web' property to 'DEBUG'
2025-11-22 15:45:08 INFO  com.nnk.springboot.Application - Starting Application using Java 17.0.16 with PID 14752 (C:\document\Java Openclassrooms\Projet 7\Poseiden-skeleton\target\classes started by leopo in C:\document\Java Openclassrooms\Projet 7\Poseiden-skeleton)
2025-11-22 15:45:08 INFO  com.nnk.springboot.Application - No active profile set, falling back to 1 default profile: "default"
2025-11-22 15:45:08 INFO  org.springframework.boot.devtools.env.DevToolsPropertyDefaultsPostProcessor - Devtools property defaults active! Set 'spring.devtools.add-properties' to 'false' to disable
2025-11-22 15:45:08 INFO  org.springframework.boot.devtools.env.DevToolsPropertyDefaultsPostProcessor - For additional web related logging consider setting the 'logging.level.web' property to 'DEBUG'
2025-11-22 15:45:08 INFO  org.springframework.data.repository.config.RepositoryConfigurationDelegate - Bootstrapping Spring Data JPA repositories in DEFAULT mode.
2025-11-22 15:45:09 INFO  org.springframework.data.repository.config.RepositoryConfigurationDelegate - Finished Spring Data repository scanning in 73 ms. Found 6 JPA repository interfaces.
2025-11-22 15:45:09 INFO  org.springframework.boot.web.embedded.tomcat.TomcatWebServer - Tomcat initialized with port(s): 8080 (http)
2025-11-22 15:45:10 INFO  org.springframework.boot.web.servlet.context.ServletWebServerApplicationContext - Root WebApplicationContext: initialization completed in 1987 ms
2025-11-22 15:45:10 INFO  org.springframework.boot.autoconfigure.h2.H2ConsoleAutoConfiguration - H2 console available at '/h2-console'. Database available at 'jdbc:mysql://localhost:3306/demo'
2025-11-22 15:45:11 INFO  org.springframework.orm.jpa.persistenceunit.SpringPersistenceUnitInfo - No LoadTimeWeaver setup: ignoring JPA class transformer
2025-11-22 15:45:12 INFO  org.springframework.orm.jpa.LocalContainerEntityManagerFactoryBean - Initialized JPA EntityManagerFactory for persistence unit 'default'
2025-11-22 15:45:13 INFO  org.springframework.security.web.DefaultSecurityFilterChain - Will secure any request with [org.springframework.security.web.session.DisableEncodeUrlFilter@71533f0, org.springframework.security.web.context.request.async.WebAsyncManagerIntegrationFilter@123c62f1, org.springframework.security.web.context.SecurityContextHolderFilter@6cf1adbb, org.springframework.security.web.header.HeaderWriterFilter@58da7a59, org.springframework.security.web.csrf.CsrfFilter@7636ccfe, org.springframework.security.web.authentication.logout.LogoutFilter@4ce4e19f, org.springframework.security.oauth2.client.web.OAuth2AuthorizationRequestRedirectFilter@11508d9e, org.springframework.security.oauth2.client.web.OAuth2LoginAuthenticationFilter@10d9f15, org.springframework.security.web.authentication.UsernamePasswordAuthenticationFilter@32047b3d, org.springframework.security.web.savedrequest.RequestCacheAwareFilter@362c4238, org.springframework.security.web.servletapi.SecurityContextHolderAwareRequestFilter@3d7a5852, org.springframework.security.web.authentication.AnonymousAuthenticationFilter@7f24b294, org.springframework.security.web.access.ExceptionTranslationFilter@694a52bc, org.springframework.security.web.access.intercept.AuthorizationFilter@599505c7]
2025-11-22 15:45:14 INFO  org.springframework.boot.devtools.autoconfigure.OptionalLiveReloadServer - LiveReload server is running on port 35729
2025-11-22 15:45:14 INFO  org.springframework.boot.web.embedded.tomcat.TomcatWebServer - Tomcat started on port(s): 8080 (http) with context path ''
2025-11-22 15:45:14 INFO  com.nnk.springboot.Application - Started Application in 6.636 seconds (process running for 7.612)
2025-11-22 15:47:11 INFO  org.springframework.orm.jpa.LocalContainerEntityManagerFactoryBean - Closing JPA EntityManagerFactory for persistence unit 'default'
2025-11-22 15:47:17 INFO  com.nnk.springboot.Application - Starting Application using Java 17.0.16 with PID 12300 (C:\document\Java Openclassrooms\Projet 7\Poseiden-skeleton\target\classes started by leopo in C:\document\Java Openclassrooms\Projet 7\Poseiden-skeleton)
2025-11-22 15:47:17 INFO  com.nnk.springboot.Application - No active profile set, falling back to 1 default profile: "default"
2025-11-22 15:47:17 INFO  org.springframework.boot.devtools.env.DevToolsPropertyDefaultsPostProcessor - Devtools property defaults active! Set 'spring.devtools.add-properties' to 'false' to disable
2025-11-22 15:47:17 INFO  org.springframework.boot.devtools.env.DevToolsPropertyDefaultsPostProcessor - For additional web related logging consider setting the 'logging.level.web' property to 'DEBUG'
2025-11-22 15:48:42 INFO  com.nnk.springboot.Application - Starting Application using Java 17.0.16 with PID 25900 (C:\document\Java Openclassrooms\Projet 7\Poseiden-skeleton\target\classes started by leopo in C:\document\Java Openclassrooms\Projet 7\Poseiden-skeleton)
2025-11-22 15:48:42 INFO  com.nnk.springboot.Application - No active profile set, falling back to 1 default profile: "default"
2025-11-22 15:48:42 INFO  org.springframework.boot.devtools.env.DevToolsPropertyDefaultsPostProcessor - Devtools property defaults active! Set 'spring.devtools.add-properties' to 'false' to disable
2025-11-22 15:48:42 INFO  org.springframework.boot.devtools.env.DevToolsPropertyDefaultsPostProcessor - For additional web related logging consider setting the 'logging.level.web' property to 'DEBUG'
2025-11-22 15:48:50 INFO  com.nnk.springboot.Application - Starting Application using Java 17.0.16 with PID 30996 (C:\document\Java Openclassrooms\Projet 7\Poseiden-skeleton\target\classes started by leopo in C:\document\Java Openclassrooms\Projet 7\Poseiden-skeleton)
2025-11-22 15:48:50 INFO  com.nnk.springboot.Application - No active profile set, falling back to 1 default profile: "default"
2025-11-22 15:48:50 INFO  org.springframework.boot.devtools.env.DevToolsPropertyDefaultsPostProcessor - Devtools property defaults active! Set 'spring.devtools.add-properties' to 'false' to disable
2025-11-22 15:48:50 INFO  org.springframework.boot.devtools.env.DevToolsPropertyDefaultsPostProcessor - For additional web related logging consider setting the 'logging.level.web' property to 'DEBUG'
2025-11-22 15:50:57 INFO  com.nnk.springboot.Application - Starting Application using Java 17.0.16 with PID 14940 (C:\document\Java Openclassrooms\Projet 7\Poseiden-skeleton\target\classes started by leopo in C:\document\Java Openclassrooms\Projet 7\Poseiden-skeleton)
2025-11-22 15:50:57 INFO  com.nnk.springboot.Application - No active profile set, falling back to 1 default profile: "default"
2025-11-22 15:50:57 INFO  org.springframework.boot.devtools.env.DevToolsPropertyDefaultsPostProcessor - Devtools property defaults active! Set 'spring.devtools.add-properties' to 'false' to disable
2025-11-22 15:50:57 INFO  org.springframework.boot.devtools.env.DevToolsPropertyDefaultsPostProcessor - For additional web related logging consider setting the 'logging.level.web' property to 'DEBUG'
2025-11-22 15:50:58 INFO  org.springframework.data.repository.config.RepositoryConfigurationDelegate - Bootstrapping Spring Data JPA repositories in DEFAULT mode.
2025-11-22 15:50:58 INFO  org.springframework.data.repository.config.RepositoryConfigurationDelegate - Finished Spring Data repository scanning in 80 ms. Found 6 JPA repository interfaces.
2025-11-22 15:50:59 INFO  org.springframework.boot.web.embedded.tomcat.TomcatWebServer - Tomcat initialized with port(s): 8080 (http)
2025-11-22 15:50:59 INFO  org.springframework.boot.web.servlet.context.ServletWebServerApplicationContext - Root WebApplicationContext: initialization completed in 2790 ms
2025-11-22 15:51:00 INFO  org.springframework.boot.autoconfigure.h2.H2ConsoleAutoConfiguration - H2 console available at '/h2-console'. Database available at 'jdbc:mysql://localhost:3306/demo'
2025-11-22 15:51:01 INFO  org.springframework.orm.jpa.persistenceunit.SpringPersistenceUnitInfo - No LoadTimeWeaver setup: ignoring JPA class transformer
2025-11-22 15:51:03 INFO  org.springframework.orm.jpa.LocalContainerEntityManagerFactoryBean - Initialized JPA EntityManagerFactory for persistence unit 'default'
2025-11-22 15:51:05 INFO  org.springframework.security.web.DefaultSecurityFilterChain - Will secure any request with [org.springframework.security.web.session.DisableEncodeUrlFilter@3d46e457, org.springframework.security.web.context.request.async.WebAsyncManagerIntegrationFilter@8d0134f, org.springframework.security.web.context.SecurityContextHolderFilter@2811ca51, org.springframework.security.web.header.HeaderWriterFilter@51ccd0d6, org.springframework.security.web.csrf.CsrfFilter@3bab7a5e, org.springframework.security.web.authentication.logout.LogoutFilter@367f51b3, org.springframework.security.oauth2.client.web.OAuth2AuthorizationRequestRedirectFilter@57fc4be3, org.springframework.security.oauth2.client.web.OAuth2LoginAuthenticationFilter@6950ad1d, org.springframework.security.web.authentication.UsernamePasswordAuthenticationFilter@19ce6d41, org.springframework.security.web.savedrequest.RequestCacheAwareFilter@1c658240, org.springframework.security.web.servletapi.SecurityContextHolderAwareRequestFilter@32495f5c, org.springframework.security.web.authentication.AnonymousAuthenticationFilter@64846f0d, org.springframework.security.web.access.ExceptionTranslationFilter@30b9f42c, org.springframework.security.web.access.intercept.AuthorizationFilter@53fe4c8e]
2025-11-22 15:51:05 INFO  org.springframework.boot.devtools.autoconfigure.OptionalLiveReloadServer - LiveReload server is running on port 35729
2025-11-22 15:51:05 INFO  org.springframework.boot.web.embedded.tomcat.TomcatWebServer - Tomcat started on port(s): 8080 (http) with context path ''
2025-11-22 15:51:05 INFO  com.nnk.springboot.Application - Started Application in 9.365 seconds (process running for 10.756)
2025-11-22 15:51:06 INFO  org.springframework.web.servlet.DispatcherServlet - Initializing Servlet 'dispatcherServlet'
2025-11-22 15:51:06 INFO  org.springframework.web.servlet.DispatcherServlet - Completed initialization in 2 ms
2025-11-22 16:01:42 INFO  org.springframework.orm.jpa.LocalContainerEntityManagerFactoryBean - Closing JPA EntityManagerFactory for persistence unit 'default'
2025-11-22 16:01:47 INFO  com.nnk.springboot.Application - Starting Application using Java 17.0.16 with PID 6816 (C:\document\Java Openclassrooms\Projet 7\Poseiden-skeleton\target\classes started by leopo in C:\document\Java Openclassrooms\Projet 7\Poseiden-skeleton)
2025-11-22 16:01:47 INFO  com.nnk.springboot.Application - No active profile set, falling back to 1 default profile: "default"
2025-11-22 16:01:47 INFO  org.springframework.boot.devtools.env.DevToolsPropertyDefaultsPostProcessor - Devtools property defaults active! Set 'spring.devtools.add-properties' to 'false' to disable
2025-11-22 16:01:47 INFO  org.springframework.boot.devtools.env.DevToolsPropertyDefaultsPostProcessor - For additional web related logging consider setting the 'logging.level.web' property to 'DEBUG'
2025-11-22 16:01:48 INFO  org.springframework.data.repository.config.RepositoryConfigurationDelegate - Bootstrapping Spring Data JPA repositories in DEFAULT mode.
2025-11-22 16:01:49 INFO  org.springframework.data.repository.config.RepositoryConfigurationDelegate - Finished Spring Data repository scanning in 83 ms. Found 6 JPA repository interfaces.
2025-11-22 16:01:50 INFO  org.springframework.boot.web.embedded.tomcat.TomcatWebServer - Tomcat initialized with port(s): 8080 (http)
2025-11-22 16:01:50 INFO  org.springframework.boot.web.servlet.context.ServletWebServerApplicationContext - Root WebApplicationContext: initialization completed in 2720 ms
2025-11-22 16:01:51 INFO  org.springframework.boot.autoconfigure.h2.H2ConsoleAutoConfiguration - H2 console available at '/h2-console'. Database available at 'jdbc:mysql://localhost:3306/demo'
2025-11-22 16:01:52 INFO  org.springframework.orm.jpa.persistenceunit.SpringPersistenceUnitInfo - No LoadTimeWeaver setup: ignoring JPA class transformer
2025-11-22 16:01:53 INFO  org.springframework.orm.jpa.LocalContainerEntityManagerFactoryBean - Initialized JPA EntityManagerFactory for persistence unit 'default'
2025-11-22 16:01:55 INFO  org.springframework.security.web.DefaultSecurityFilterChain - Will secure any request with [org.springframework.security.web.session.DisableEncodeUrlFilter@55e975b5, org.springframework.security.web.context.request.async.WebAsyncManagerIntegrationFilter@34039c4, org.springframework.security.web.context.SecurityContextHolderFilter@852d8d8, org.springframework.security.web.header.HeaderWriterFilter@634e58b1, org.springframework.security.web.csrf.CsrfFilter@1a198692, org.springframework.security.web.authentication.logout.LogoutFilter@58dd73db, org.springframework.security.oauth2.client.web.OAuth2AuthorizationRequestRedirectFilter@76741175, org.springframework.security.oauth2.client.web.OAuth2LoginAuthenticationFilter@68cf05bd, org.springframework.security.web.authentication.UsernamePasswordAuthenticationFilter@6b843296, org.springframework.security.web.savedrequest.RequestCacheAwareFilter@51e56761, org.springframework.security.web.servletapi.SecurityContextHolderAwareRequestFilter@1bfb6984, org.springframework.security.web.authentication.AnonymousAuthenticationFilter@133236fc, org.springframework.security.web.access.ExceptionTranslationFilter@ce82160, org.springframework.security.web.access.intercept.AuthorizationFilter@3daad447]
2025-11-22 16:01:56 INFO  org.springframework.boot.devtools.autoconfigure.OptionalLiveReloadServer - LiveReload server is running on port 35729
2025-11-22 16:01:56 INFO  org.springframework.boot.web.embedded.tomcat.TomcatWebServer - Tomcat started on port(s): 8080 (http) with context path ''
2025-11-22 16:01:56 INFO  com.nnk.springboot.Application - Started Application in 9.206 seconds (process running for 10.443)
2025-11-22 16:02:05 INFO  org.springframework.web.servlet.DispatcherServlet - Initializing Servlet 'dispatcherServlet'
2025-11-22 16:02:05 INFO  org.springframework.web.servlet.DispatcherServlet - Completed initialization in 1 ms
2025-11-22 16:02:34 INFO  org.springframework.orm.jpa.LocalContainerEntityManagerFactoryBean - Closing JPA EntityManagerFactory for persistence unit 'default'
2025-11-22 16:02:39 INFO  com.nnk.springboot.Application - Starting Application using Java 17.0.16 with PID 41268 (C:\document\Java Openclassrooms\Projet 7\Poseiden-skeleton\target\classes started by leopo in C:\document\Java Openclassrooms\Projet 7\Poseiden-skeleton)
2025-11-22 16:02:39 INFO  com.nnk.springboot.Application - No active profile set, falling back to 1 default profile: "default"
2025-11-22 16:02:39 INFO  org.springframework.boot.devtools.env.DevToolsPropertyDefaultsPostProcessor - Devtools property defaults active! Set 'spring.devtools.add-properties' to 'false' to disable
2025-11-22 16:02:39 INFO  org.springframework.boot.devtools.env.DevToolsPropertyDefaultsPostProcessor - For additional web related logging consider setting the 'logging.level.web' property to 'DEBUG'
2025-11-22 16:02:40 INFO  org.springframework.data.repository.config.RepositoryConfigurationDelegate - Bootstrapping Spring Data JPA repositories in DEFAULT mode.
2025-11-22 16:02:40 INFO  org.springframework.data.repository.config.RepositoryConfigurationDelegate - Finished Spring Data repository scanning in 91 ms. Found 6 JPA repository interfaces.
2025-11-22 16:02:42 INFO  org.springframework.boot.web.embedded.tomcat.TomcatWebServer - Tomcat initialized with port(s): 8080 (http)
2025-11-22 16:02:42 INFO  org.springframework.boot.web.servlet.context.ServletWebServerApplicationContext - Root WebApplicationContext: initialization completed in 2801 ms
2025-11-22 16:02:42 INFO  org.springframework.boot.autoconfigure.h2.H2ConsoleAutoConfiguration - H2 console available at '/h2-console'. Database available at 'jdbc:mysql://localhost:3306/demo'
2025-11-22 16:02:43 INFO  org.springframework.orm.jpa.persistenceunit.SpringPersistenceUnitInfo - No LoadTimeWeaver setup: ignoring JPA class transformer
2025-11-22 16:02:45 INFO  org.springframework.orm.jpa.LocalContainerEntityManagerFactoryBean - Initialized JPA EntityManagerFactory for persistence unit 'default'
2025-11-22 16:02:46 INFO  org.springframework.security.web.DefaultSecurityFilterChain - Will secure any request with [org.springframework.security.web.session.DisableEncodeUrlFilter@609e7000, org.springframework.security.web.context.request.async.WebAsyncManagerIntegrationFilter@7c7ad65f, org.springframework.security.web.context.SecurityContextHolderFilter@63bcc9e0, org.springframework.security.web.header.HeaderWriterFilter@7c59561b, org.springframework.security.web.csrf.CsrfFilter@b58f7c, org.springframework.security.web.authentication.logout.LogoutFilter@633d7e1f, org.springframework.security.oauth2.client.web.OAuth2AuthorizationRequestRedirectFilter@79ecb28e, org.springframework.security.oauth2.client.web.OAuth2LoginAuthenticationFilter@71982522, org.springframework.security.web.authentication.UsernamePasswordAuthenticationFilter@d3176f7, org.springframework.security.web.savedrequest.RequestCacheAwareFilter@2821e37d, org.springframework.security.web.servletapi.SecurityContextHolderAwareRequestFilter@634e58b1, org.springframework.security.web.authentication.AnonymousAuthenticationFilter@4cfb5dc7, org.springframework.security.web.access.ExceptionTranslationFilter@24fc2558, org.springframework.security.web.access.intercept.AuthorizationFilter@58dd73db]
2025-11-22 16:02:47 INFO  org.springframework.boot.devtools.autoconfigure.OptionalLiveReloadServer - LiveReload server is running on port 35729
2025-11-22 16:02:47 INFO  org.springframework.boot.web.embedded.tomcat.TomcatWebServer - Tomcat started on port(s): 8080 (http) with context path ''
2025-11-22 16:02:47 INFO  com.nnk.springboot.Application - Started Application in 8.821 seconds (process running for 10.239)
2025-11-22 16:02:50 INFO  org.springframework.web.servlet.DispatcherServlet - Initializing Servlet 'dispatcherServlet'
2025-11-22 16:02:50 INFO  org.springframework.web.servlet.DispatcherServlet - Completed initialization in 1 ms
2025-11-22 16:03:24 INFO  org.springframework.orm.jpa.LocalContainerEntityManagerFactoryBean - Closing JPA EntityManagerFactory for persistence unit 'default'
2025-11-22 16:03:28 INFO  com.nnk.springboot.Application - Starting Application using Java 17.0.16 with PID 21876 (C:\document\Java Openclassrooms\Projet 7\Poseiden-skeleton\target\classes started by leopo in C:\document\Java Openclassrooms\Projet 7\Poseiden-skeleton)
2025-11-22 16:03:28 INFO  com.nnk.springboot.Application - No active profile set, falling back to 1 default profile: "default"
2025-11-22 16:03:28 INFO  org.springframework.boot.devtools.env.DevToolsPropertyDefaultsPostProcessor - Devtools property defaults active! Set 'spring.devtools.add-properties' to 'false' to disable
2025-11-22 16:03:28 INFO  org.springframework.boot.devtools.env.DevToolsPropertyDefaultsPostProcessor - For additional web related logging consider setting the 'logging.level.web' property to 'DEBUG'
2025-11-22 16:03:30 INFO  org.springframework.data.repository.config.RepositoryConfigurationDelegate - Bootstrapping Spring Data JPA repositories in DEFAULT mode.
2025-11-22 16:03:30 INFO  org.springframework.data.repository.config.RepositoryConfigurationDelegate - Finished Spring Data repository scanning in 78 ms. Found 6 JPA repository interfaces.
2025-11-22 16:03:31 INFO  org.springframework.boot.web.embedded.tomcat.TomcatWebServer - Tomcat initialized with port(s): 8080 (http)
2025-11-22 16:03:31 INFO  org.springframework.boot.web.servlet.context.ServletWebServerApplicationContext - Root WebApplicationContext: initialization completed in 2714 ms
2025-11-22 16:03:32 INFO  org.springframework.boot.autoconfigure.h2.H2ConsoleAutoConfiguration - H2 console available at '/h2-console'. Database available at 'jdbc:mysql://localhost:3306/demo'
2025-11-22 16:03:33 INFO  org.springframework.orm.jpa.persistenceunit.SpringPersistenceUnitInfo - No LoadTimeWeaver setup: ignoring JPA class transformer
2025-11-22 16:03:34 INFO  org.springframework.orm.jpa.LocalContainerEntityManagerFactoryBean - Initialized JPA EntityManagerFactory for persistence unit 'default'
2025-11-22 16:03:36 INFO  org.springframework.security.web.DefaultSecurityFilterChain - Will secure any request with [org.springframework.security.web.session.DisableEncodeUrlFilter@31a8b733, org.springframework.security.web.context.request.async.WebAsyncManagerIntegrationFilter@2b92e880, org.springframework.security.web.context.SecurityContextHolderFilter@c8cda43, org.springframework.security.web.header.HeaderWriterFilter@43ef5765, org.springframework.security.web.csrf.CsrfFilter@75e8b057, org.springframework.security.web.authentication.logout.LogoutFilter@19ef3e4b, org.springframework.security.oauth2.client.web.OAuth2AuthorizationRequestRedirectFilter@662f81ff, org.springframework.security.oauth2.client.web.OAuth2LoginAuthenticationFilter@25908c8b, org.springframework.security.web.authentication.UsernamePasswordAuthenticationFilter@4d00cdf5, org.springframework.security.web.savedrequest.RequestCacheAwareFilter@41df66ea, org.springframework.security.web.servletapi.SecurityContextHolderAwareRequestFilter@1f9b076f, org.springframework.security.web.authentication.AnonymousAuthenticationFilter@a47cdad, org.springframework.security.web.access.ExceptionTranslationFilter@4311ef82, org.springframework.security.web.access.intercept.AuthorizationFilter@3284623f]
2025-11-22 16:03:36 INFO  org.springframework.boot.devtools.autoconfigure.OptionalLiveReloadServer - LiveReload server is running on port 35729
2025-11-22 16:03:36 INFO  org.springframework.boot.web.embedded.tomcat.TomcatWebServer - Tomcat started on port(s): 8080 (http) with context path ''
2025-11-22 16:03:36 INFO  com.nnk.springboot.Application - Started Application in 8.585 seconds (process running for 9.641)
2025-11-22 16:03:38 INFO  org.springframework.web.servlet.DispatcherServlet - Initializing Servlet 'dispatcherServlet'
2025-11-22 16:03:38 INFO  org.springframework.web.servlet.DispatcherServlet - Completed initialization in 1 ms
2025-11-22 16:03:55 INFO  org.springframework.orm.jpa.LocalContainerEntityManagerFactoryBean - Closing JPA EntityManagerFactory for persistence unit 'default'
2025-11-22 16:03:59 INFO  com.nnk.springboot.Application - Starting Application using Java 17.0.16 with PID 46736 (C:\document\Java Openclassrooms\Projet 7\Poseiden-skeleton\target\classes started by leopo in C:\document\Java Openclassrooms\Projet 7\Poseiden-skeleton)
2025-11-22 16:03:59 INFO  com.nnk.springboot.Application - No active profile set, falling back to 1 default profile: "default"
2025-11-22 16:03:59 INFO  org.springframework.boot.devtools.env.DevToolsPropertyDefaultsPostProcessor - Devtools property defaults active! Set 'spring.devtools.add-properties' to 'false' to disable
2025-11-22 16:03:59 INFO  org.springframework.boot.devtools.env.DevToolsPropertyDefaultsPostProcessor - For additional web related logging consider setting the 'logging.level.web' property to 'DEBUG'
2025-11-22 16:04:00 INFO  org.springframework.data.repository.config.RepositoryConfigurationDelegate - Bootstrapping Spring Data JPA repositories in DEFAULT mode.
2025-11-22 16:04:00 INFO  org.springframework.data.repository.config.RepositoryConfigurationDelegate - Finished Spring Data repository scanning in 73 ms. Found 6 JPA repository interfaces.
2025-11-22 16:04:01 INFO  org.springframework.boot.web.embedded.tomcat.TomcatWebServer - Tomcat initialized with port(s): 8080 (http)
2025-11-22 16:04:01 INFO  org.springframework.boot.web.servlet.context.ServletWebServerApplicationContext - Root WebApplicationContext: initialization completed in 2251 ms
2025-11-22 16:04:02 INFO  org.springframework.boot.autoconfigure.h2.H2ConsoleAutoConfiguration - H2 console available at '/h2-console'. Database available at 'jdbc:mysql://localhost:3306/demo'
2025-11-22 16:04:03 INFO  org.springframework.orm.jpa.persistenceunit.SpringPersistenceUnitInfo - No LoadTimeWeaver setup: ignoring JPA class transformer
2025-11-22 16:04:04 INFO  org.springframework.orm.jpa.LocalContainerEntityManagerFactoryBean - Initialized JPA EntityManagerFactory for persistence unit 'default'
2025-11-22 16:04:06 INFO  org.springframework.security.web.DefaultSecurityFilterChain - Will secure any request with [org.springframework.security.web.session.DisableEncodeUrlFilter@17e9e980, org.springframework.security.web.context.request.async.WebAsyncManagerIntegrationFilter@2fbd2942, org.springframework.security.web.context.SecurityContextHolderFilter@4e9a4243, org.springframework.security.web.header.HeaderWriterFilter@1bfb6984, org.springframework.security.web.csrf.CsrfFilter@4b2f45f1, org.springframework.security.web.authentication.logout.LogoutFilter@3daad447, org.springframework.security.oauth2.client.web.OAuth2AuthorizationRequestRedirectFilter@5ddca611, org.springframework.security.oauth2.client.web.OAuth2LoginAuthenticationFilter@71e03e87, org.springframework.security.web.authentication.UsernamePasswordAuthenticationFilter@32168f1, org.springframework.security.web.savedrequest.RequestCacheAwareFilter@1b61069d, org.springframework.security.web.servletapi.SecurityContextHolderAwareRequestFilter@59b69530, org.springframework.security.web.authentication.AnonymousAuthenticationFilter@5fd92e34, org.springframework.security.web.access.ExceptionTranslationFilter@3cdf0483, org.springframework.security.web.access.intercept.AuthorizationFilter@514eb29]
2025-11-22 16:04:06 INFO  org.springframework.boot.devtools.autoconfigure.OptionalLiveReloadServer - LiveReload server is running on port 35729
2025-11-22 16:04:06 INFO  org.springframework.boot.web.embedded.tomcat.TomcatWebServer - Tomcat started on port(s): 8080 (http) with context path ''
2025-11-22 16:04:06 INFO  com.nnk.springboot.Application - Started Application in 7.853 seconds (process running for 8.876)
2025-11-22 16:04:06 INFO  org.springframework.web.servlet.DispatcherServlet - Initializing Servlet 'dispatcherServlet'
2025-11-22 16:04:06 INFO  org.springframework.web.servlet.DispatcherServlet - Completed initialization in 1 ms
2025-11-22 16:06:27 INFO  org.springframework.orm.jpa.LocalContainerEntityManagerFactoryBean - Closing JPA EntityManagerFactory for persistence unit 'default'
2025-11-22 16:06:31 INFO  com.nnk.springboot.Application - Starting Application using Java 17.0.16 with PID 29296 (C:\document\Java Openclassrooms\Projet 7\Poseiden-skeleton\target\classes started by leopo in C:\document\Java Openclassrooms\Projet 7\Poseiden-skeleton)
2025-11-22 16:06:31 INFO  com.nnk.springboot.Application - No active profile set, falling back to 1 default profile: "default"
2025-11-22 16:06:31 INFO  org.springframework.boot.devtools.env.DevToolsPropertyDefaultsPostProcessor - Devtools property defaults active! Set 'spring.devtools.add-properties' to 'false' to disable
2025-11-22 16:06:31 INFO  org.springframework.boot.devtools.env.DevToolsPropertyDefaultsPostProcessor - For additional web related logging consider setting the 'logging.level.web' property to 'DEBUG'
2025-11-22 16:06:32 INFO  org.springframework.data.repository.config.RepositoryConfigurationDelegate - Bootstrapping Spring Data JPA repositories in DEFAULT mode.
2025-11-22 16:06:32 INFO  org.springframework.data.repository.config.RepositoryConfigurationDelegate - Finished Spring Data repository scanning in 63 ms. Found 6 JPA repository interfaces.
2025-11-22 16:06:33 INFO  org.springframework.boot.web.embedded.tomcat.TomcatWebServer - Tomcat initialized with port(s): 8080 (http)
2025-11-22 16:06:33 INFO  org.springframework.boot.web.servlet.context.ServletWebServerApplicationContext - Root WebApplicationContext: initialization completed in 2056 ms
2025-11-22 16:06:34 INFO  org.springframework.boot.autoconfigure.h2.H2ConsoleAutoConfiguration - H2 console available at '/h2-console'. Database available at 'jdbc:mysql://localhost:3306/demo'
2025-11-22 16:06:35 INFO  org.springframework.orm.jpa.persistenceunit.SpringPersistenceUnitInfo - No LoadTimeWeaver setup: ignoring JPA class transformer
2025-11-22 16:06:36 INFO  org.springframework.orm.jpa.LocalContainerEntityManagerFactoryBean - Initialized JPA EntityManagerFactory for persistence unit 'default'
2025-11-22 16:06:37 INFO  org.springframework.security.web.DefaultSecurityFilterChain - Will secure any request with [org.springframework.security.web.session.DisableEncodeUrlFilter@5ddca611, org.springframework.security.web.context.request.async.WebAsyncManagerIntegrationFilter@71e03e87, org.springframework.security.web.context.SecurityContextHolderFilter@1bfb6984, org.springframework.security.web.header.HeaderWriterFilter@22559c09, org.springframework.security.web.csrf.CsrfFilter@2c2dd769, org.springframework.security.web.authentication.logout.LogoutFilter@4973f17d, org.springframework.security.oauth2.client.web.OAuth2AuthorizationRequestRedirectFilter@438df3ae, org.springframework.security.oauth2.client.web.OAuth2LoginAuthenticationFilter@5dd762b7, org.springframework.security.web.authentication.UsernamePasswordAuthenticationFilter@1bc3b007, org.springframework.security.web.savedrequest.RequestCacheAwareFilter@51ffee11, org.springframework.security.web.servletapi.SecurityContextHolderAwareRequestFilter@35c0ec86, org.springframework.security.web.authentication.AnonymousAuthenticationFilter@17c428d6, org.springframework.security.web.access.ExceptionTranslationFilter@194892b3, org.springframework.security.web.access.intercept.AuthorizationFilter@2935e0ca]
2025-11-22 16:06:38 INFO  org.springframework.boot.devtools.autoconfigure.OptionalLiveReloadServer - LiveReload server is running on port 35729
2025-11-22 16:06:38 INFO  org.springframework.boot.web.embedded.tomcat.TomcatWebServer - Tomcat started on port(s): 8080 (http) with context path ''
2025-11-22 16:06:38 INFO  com.nnk.springboot.Application - Started Application in 6.914 seconds (process running for 7.904)
2025-11-22 16:06:50 INFO  org.springframework.web.servlet.DispatcherServlet - Initializing Servlet 'dispatcherServlet'
2025-11-22 16:06:50 INFO  org.springframework.web.servlet.DispatcherServlet - Completed initialization in 1 ms
2025-11-22 16:06:54 INFO  org.springframework.orm.jpa.LocalContainerEntityManagerFactoryBean - Closing JPA EntityManagerFactory for persistence unit 'default'
